<?xml version="1.0" encoding="UTF-8"?>
<testsuite xmlns:xsi="http://www.w3.org/2001/XMLSchema-instance" xsi:noNamespaceSchemaLocation="https://maven.apache.org/surefire/maven-surefire-plugin/xsd/surefire-test-report.xsd" name="ysoserial.test.payloads.TestHarnessTest" time="10.813" tests="3" errors="0" skipped="0" failures="0">
  <properties>
    <property name="sun.desktop" value="windows"/>
    <property name="awt.toolkit" value="sun.awt.windows.WToolkit"/>
    <property name="file.encoding.pkg" value="sun.io"/>
    <property name="java.specification.version" value="1.8"/>
    <property name="sun.cpu.isalist" value="amd64"/>
    <property name="sun.jnu.encoding" value="GBK"/>
    <property name="java.class.path" value="C:\Users\Sangfor\Desktop\ysoserial-master\ysoserial-master\target\test-classes;C:\Users\Sangfor\Desktop\ysoserial-master\ysoserial-master\target\classes;C:\Users\Sangfor\.m2\repository\junit\junit\4.12\junit-4.12.jar;C:\Users\Sangfor\.m2\repository\org\hamcrest\hamcrest-core\1.3\hamcrest-core-1.3.jar;C:\Users\Sangfor\.m2\repository\org\mockito\mockito-core\1.10.19\mockito-core-1.10.19.jar;C:\Users\Sangfor\.m2\repository\org\objenesis\objenesis\2.1\objenesis-2.1.jar;C:\Users\Sangfor\.m2\repository\com\github\stefanbirkner\system-rules\1.8.0\system-rules-1.8.0.jar;C:\Users\Sangfor\.m2\repository\org\nanohttpd\nanohttpd\2.2.0\nanohttpd-2.2.0.jar;C:\Users\Sangfor\.m2\repository\org\apache\tomcat\tomcat-catalina\8.5.51\tomcat-catalina-8.5.51.jar;C:\Users\Sangfor\.m2\repository\org\apache\tomcat\tomcat-servlet-api\8.5.51\tomcat-servlet-api-8.5.51.jar;C:\Users\Sangfor\.m2\repository\org\apache\tomcat\tomcat-jsp-api\8.5.51\tomcat-jsp-api-8.5.51.jar;C:\Users\Sangfor\.m2\repository\org\apache\tomcat\tomcat-el-api\8.5.51\tomcat-el-api-8.5.51.jar;C:\Users\Sangfor\.m2\repository\org\apache\tomcat\tomcat-juli\8.5.51\tomcat-juli-8.5.51.jar;C:\Users\Sangfor\.m2\repository\org\apache\tomcat\tomcat-annotations-api\8.5.51\tomcat-annotations-api-8.5.51.jar;C:\Users\Sangfor\.m2\repository\org\apache\tomcat\tomcat-api\8.5.51\tomcat-api-8.5.51.jar;C:\Users\Sangfor\.m2\repository\org\apache\tomcat\tomcat-jni\8.5.51\tomcat-jni-8.5.51.jar;C:\Users\Sangfor\.m2\repository\org\apache\tomcat\tomcat-coyote\8.5.51\tomcat-coyote-8.5.51.jar;C:\Users\Sangfor\.m2\repository\org\apache\tomcat\tomcat-util\8.5.51\tomcat-util-8.5.51.jar;C:\Users\Sangfor\.m2\repository\org\apache\tomcat\tomcat-util-scan\8.5.51\tomcat-util-scan-8.5.51.jar;C:\Users\Sangfor\.m2\repository\org\apache\tomcat\tomcat-jaspic-api\8.5.51\tomcat-jaspic-api-8.5.51.jar;C:\Users\Sangfor\.m2\repository\org\reflections\reflections\0.9.9\reflections-0.9.9.jar;C:\Users\Sangfor\.m2\repository\com\google\guava\guava\15.0\guava-15.0.jar;C:\Users\Sangfor\.m2\repository\com\google\code\findbugs\annotations\2.0.1\annotations-2.0.1.jar;C:\Users\Sangfor\.m2\repository\org\jboss\shrinkwrap\resolver\shrinkwrap-resolver-api\2.2.6\shrinkwrap-resolver-api-2.2.6.jar;C:\Users\Sangfor\.m2\repository\org\jboss\shrinkwrap\resolver\shrinkwrap-resolver-spi\2.2.6\shrinkwrap-resolver-spi-2.2.6.jar;C:\Users\Sangfor\.m2\repository\org\jboss\shrinkwrap\resolver\shrinkwrap-resolver-api-maven\2.2.6\shrinkwrap-resolver-api-maven-2.2.6.jar;C:\Users\Sangfor\.m2\repository\org\jboss\shrinkwrap\resolver\shrinkwrap-resolver-spi-maven\2.2.6\shrinkwrap-resolver-spi-maven-2.2.6.jar;C:\Users\Sangfor\.m2\repository\org\jboss\shrinkwrap\resolver\shrinkwrap-resolver-api-maven-archive\2.2.6\shrinkwrap-resolver-api-maven-archive-2.2.6.jar;C:\Users\Sangfor\.m2\repository\org\jboss\shrinkwrap\shrinkwrap-api\1.2.6\shrinkwrap-api-1.2.6.jar;C:\Users\Sangfor\.m2\repository\org\jboss\shrinkwrap\resolver\shrinkwrap-resolver-impl-maven\2.2.6\shrinkwrap-resolver-impl-maven-2.2.6.jar;C:\Users\Sangfor\.m2\repository\org\eclipse\aether\aether-api\1.0.0.v20140518\aether-api-1.0.0.v20140518.jar;C:\Users\Sangfor\.m2\repository\org\eclipse\aether\aether-impl\1.0.0.v20140518\aether-impl-1.0.0.v20140518.jar;C:\Users\Sangfor\.m2\repository\org\eclipse\aether\aether-spi\1.0.0.v20140518\aether-spi-1.0.0.v20140518.jar;C:\Users\Sangfor\.m2\repository\org\eclipse\aether\aether-util\1.0.0.v20140518\aether-util-1.0.0.v20140518.jar;C:\Users\Sangfor\.m2\repository\org\eclipse\aether\aether-connector-basic\1.0.0.v20140518\aether-connector-basic-1.0.0.v20140518.jar;C:\Users\Sangfor\.m2\repository\org\eclipse\aether\aether-transport-wagon\1.0.0.v20140518\aether-transport-wagon-1.0.0.v20140518.jar;C:\Users\Sangfor\.m2\repository\org\apache\maven\maven-aether-provider\3.2.5\maven-aether-provider-3.2.5.jar;C:\Users\Sangfor\.m2\repository\org\apache\maven\maven-model\3.2.5\maven-model-3.2.5.jar;C:\Users\Sangfor\.m2\repository\org\apache\maven\maven-model-builder\3.2.5\maven-model-builder-3.2.5.jar;C:\Users\Sangfor\.m2\repository\org\codehaus\plexus\plexus-component-annotations\1.5.5\plexus-component-annotations-1.5.5.jar;C:\Users\Sangfor\.m2\repository\org\apache\maven\maven-repository-metadata\3.2.5\maven-repository-metadata-3.2.5.jar;C:\Users\Sangfor\.m2\repository\org\apache\maven\maven-settings\3.2.5\maven-settings-3.2.5.jar;C:\Users\Sangfor\.m2\repository\org\apache\maven\maven-settings-builder\3.2.5\maven-settings-builder-3.2.5.jar;C:\Users\Sangfor\.m2\repository\org\codehaus\plexus\plexus-interpolation\1.21\plexus-interpolation-1.21.jar;C:\Users\Sangfor\.m2\repository\org\codehaus\plexus\plexus-utils\3.0.20\plexus-utils-3.0.20.jar;C:\Users\Sangfor\.m2\repository\org\sonatype\plexus\plexus-sec-dispatcher\1.3\plexus-sec-dispatcher-1.3.jar;C:\Users\Sangfor\.m2\repository\org\sonatype\plexus\plexus-cipher\1.4\plexus-cipher-1.4.jar;C:\Users\Sangfor\.m2\repository\org\apache\maven\wagon\wagon-provider-api\2.6\wagon-provider-api-2.6.jar;C:\Users\Sangfor\.m2\repository\org\apache\maven\wagon\wagon-file\2.6\wagon-file-2.6.jar;C:\Users\Sangfor\.m2\repository\org\apache\maven\wagon\wagon-http-lightweight\2.6\wagon-http-lightweight-2.6.jar;C:\Users\Sangfor\.m2\repository\org\apache\maven\wagon\wagon-http-shared\2.6\wagon-http-shared-2.6.jar;C:\Users\Sangfor\.m2\repository\org\jboss\shrinkwrap\resolver\shrinkwrap-resolver-impl-maven-archive\2.2.6\shrinkwrap-resolver-impl-maven-archive-2.2.6.jar;C:\Users\Sangfor\.m2\repository\org\jboss\shrinkwrap\shrinkwrap-impl-base\1.2.6\shrinkwrap-impl-base-1.2.6.jar;C:\Users\Sangfor\.m2\repository\org\jboss\shrinkwrap\shrinkwrap-spi\1.2.6\shrinkwrap-spi-1.2.6.jar;C:\Users\Sangfor\.m2\repository\org\jboss\shrinkwrap\resolver\shrinkwrap-resolver-spi-maven-archive\2.2.6\shrinkwrap-resolver-spi-maven-archive-2.2.6.jar;C:\Users\Sangfor\.m2\repository\org\eclipse\sisu\org.eclipse.sisu.plexus\0.3.0.M1\org.eclipse.sisu.plexus-0.3.0.M1.jar;C:\Users\Sangfor\.m2\repository\org\eclipse\sisu\org.eclipse.sisu.inject\0.3.0.M1\org.eclipse.sisu.inject-0.3.0.M1.jar;C:\Users\Sangfor\.m2\repository\org\codehaus\plexus\plexus-compiler-javac\2.3\plexus-compiler-javac-2.3.jar;C:\Users\Sangfor\.m2\repository\org\codehaus\plexus\plexus-compiler-api\2.3\plexus-compiler-api-2.3.jar;C:\Users\Sangfor\.m2\repository\org\javassist\javassist\3.19.0-GA\javassist-3.19.0-GA.jar;C:\Users\Sangfor\.m2\repository\com\nqzero\permit-reflect\0.3\permit-reflect-0.3.jar;C:\Users\Sangfor\.m2\repository\commons-codec\commons-codec\1.9\commons-codec-1.9.jar;C:\Users\Sangfor\.m2\repository\commons-io\commons-io\2.6\commons-io-2.6.jar;C:\Users\Sangfor\.m2\repository\org\jenkins-ci\main\remoting\2.55\remoting-2.55.jar;C:\Users\Sangfor\.m2\repository\org\jenkins-ci\constant-pool-scanner\1.2\constant-pool-scanner-1.2.jar;C:\Users\Sangfor\.m2\repository\org\jboss\logging\jboss-logging\3.3.0.Final\jboss-logging-3.3.0.Final.jar;C:\Users\Sangfor\.m2\repository\org\jboss\remoting\jboss-remoting\4.0.19.Final\jboss-remoting-4.0.19.Final.jar;C:\Users\Sangfor\.m2\repository\org\jboss\xnio\xnio-api\3.3.4.Final\xnio-api-3.3.4.Final.jar;C:\Users\Sangfor\.m2\repository\org\jboss\jboss-common-core\2.5.0.Final\jboss-common-core-2.5.0.Final.jar;C:\Users\Sangfor\.m2\repository\org\jboss\xnio\xnio-nio\3.3.4.Final\xnio-nio-3.3.4.Final.jar;C:\Users\Sangfor\.m2\repository\org\jboss\sasl\jboss-sasl\1.0.5.Final\jboss-sasl-1.0.5.Final.jar;C:\Users\Sangfor\.m2\repository\org\jboss\remotingjmx\remoting-jmx\2.0.1.Final\remoting-jmx-2.0.1.Final.jar;C:\Users\Sangfor\.m2\repository\org\jboss\logging\jboss-logging-processor\1.2.0.Final\jboss-logging-processor-1.2.0.Final.jar;C:\Users\Sangfor\.m2\repository\org\jboss\jdeparser\jdeparser\1.0.0.Final\jdeparser-1.0.0.Final.jar;C:\Users\Sangfor\.m2\repository\org\jboss\marshalling\jboss-marshalling\1.4.10.Final\jboss-marshalling-1.4.10.Final.jar;C:\Users\Sangfor\.m2\repository\org\jboss\marshalling\jboss-marshalling-river\1.4.10.Final\jboss-marshalling-river-1.4.10.Final.jar;C:\Users\Sangfor\.m2\repository\commons-collections\commons-collections\3.1\commons-collections-3.1.jar;C:\Users\Sangfor\.m2\repository\org\beanshell\bsh\2.0b5\bsh-2.0b5.jar;C:\Users\Sangfor\.m2\repository\commons-beanutils\commons-beanutils\1.9.2\commons-beanutils-1.9.2.jar;C:\Users\Sangfor\.m2\repository\commons-logging\commons-logging\1.1.1\commons-logging-1.1.1.jar;C:\Users\Sangfor\.m2\repository\org\apache\commons\commons-collections4\4.0\commons-collections4-4.0.jar;C:\Users\Sangfor\.m2\repository\org\codehaus\groovy\groovy\2.3.9\groovy-2.3.9.jar;C:\Users\Sangfor\.m2\repository\org\springframework\spring-core\4.1.4.RELEASE\spring-core-4.1.4.RELEASE.jar;C:\Users\Sangfor\.m2\repository\org\springframework\spring-beans\4.1.4.RELEASE\spring-beans-4.1.4.RELEASE.jar;C:\Users\Sangfor\.m2\repository\org\hibernate\hibernate-core\4.3.11.Final\hibernate-core-4.3.11.Final.jar;C:\Users\Sangfor\.m2\repository\org\jboss\logging\jboss-logging-annotations\1.2.0.Beta1\jboss-logging-annotations-1.2.0.Beta1.jar;C:\Users\Sangfor\.m2\repository\org\jboss\spec\javax\transaction\jboss-transaction-api_1.2_spec\1.0.0.Final\jboss-transaction-api_1.2_spec-1.0.0.Final.jar;C:\Users\Sangfor\.m2\repository\dom4j\dom4j\1.6.1\dom4j-1.6.1.jar;C:\Users\Sangfor\.m2\repository\xml-apis\xml-apis\1.0.b2\xml-apis-1.0.b2.jar;C:\Users\Sangfor\.m2\repository\org\hibernate\common\hibernate-commons-annotations\4.0.5.Final\hibernate-commons-annotations-4.0.5.Final.jar;C:\Users\Sangfor\.m2\repository\org\hibernate\javax\persistence\hibernate-jpa-2.1-api\1.0.0.Final\hibernate-jpa-2.1-api-1.0.0.Final.jar;C:\Users\Sangfor\.m2\repository\antlr\antlr\2.7.7\antlr-2.7.7.jar;C:\Users\Sangfor\.m2\repository\org\jboss\jandex\1.1.0.Final\jandex-1.1.0.Final.jar;C:\Users\Sangfor\.m2\repository\org\springframework\spring-aop\4.1.4.RELEASE\spring-aop-4.1.4.RELEASE.jar;C:\Users\Sangfor\.m2\repository\aopalliance\aopalliance\1.0\aopalliance-1.0.jar;C:\Users\Sangfor\.m2\repository\net\sf\json-lib\json-lib\2.4\json-lib-2.4-jdk15.jar;C:\Users\Sangfor\.m2\repository\commons-lang\commons-lang\2.5\commons-lang-2.5.jar;C:\Users\Sangfor\.m2\repository\net\sf\ezmorph\ezmorph\1.0.6\ezmorph-1.0.6.jar;C:\Users\Sangfor\.m2\repository\commons-fileupload\commons-fileupload\1.3\commons-fileupload-1.3.jar;C:\Users\Sangfor\.m2\repository\org\apache\wicket\wicket-util\6.23.0\wicket-util-6.23.0.jar;C:\Users\Sangfor\.m2\repository\com\mchange\c3p0\0.9.5.2\c3p0-0.9.5.2.jar;C:\Users\Sangfor\.m2\repository\com\mchange\mchange-commons-java\0.2.11\mchange-commons-java-0.2.11.jar;C:\Users\Sangfor\.m2\repository\javax\servlet\javax.servlet-api\3.1.0\javax.servlet-api-3.1.0.jar;C:\Users\Sangfor\.m2\repository\org\apache\myfaces\core\myfaces-impl\2.2.9\myfaces-impl-2.2.9.jar;C:\Users\Sangfor\.m2\repository\org\apache\myfaces\core\myfaces-api\2.2.9\myfaces-api-2.2.9.jar;C:\Users\Sangfor\.m2\repository\org\apache\geronimo\specs\geronimo-atinject_1.0_spec\1.0\geronimo-atinject_1.0_spec-1.0.jar;C:\Users\Sangfor\.m2\repository\commons-digester\commons-digester\1.8\commons-digester-1.8.jar;C:\Users\Sangfor\.m2\repository\xalan\xalan\2.7.2\xalan-2.7.2.jar;C:\Users\Sangfor\.m2\repository\xalan\serializer\2.7.2\serializer-2.7.2.jar;C:\Users\Sangfor\.m2\repository\rome\rome\1.0\rome-1.0.jar;C:\Users\Sangfor\.m2\repository\jdom\jdom\1.0\jdom-1.0.jar;C:\Users\Sangfor\.m2\repository\org\python\jython-standalone\2.5.2\jython-standalone-2.5.2.jar;C:\Users\Sangfor\.m2\repository\rhino\js\1.7R2\js-1.7R2.jar;C:\Users\Sangfor\.m2\repository\javassist\javassist\3.12.0.GA\javassist-3.12.0.GA.jar;C:\Users\Sangfor\.m2\repository\org\jboss\weld\weld-core\1.1.33.Final\weld-core-1.1.33.Final.jar;C:\Users\Sangfor\.m2\repository\org\jboss\weld\weld-api\1.1.Final\weld-api-1.1.Final.jar;C:\Users\Sangfor\.m2\repository\org\jboss\weld\weld-spi\1.1.Final\weld-spi-1.1.Final.jar;C:\Users\Sangfor\.m2\repository\javax\annotation\jsr250-api\1.0\jsr250-api-1.0.jar;C:\Users\Sangfor\.m2\repository\org\jboss\spec\javax\interceptor\jboss-interceptors-api_1.1_spec\1.0.0.Beta1\jboss-interceptors-api_1.1_spec-1.0.0.Beta1.jar;C:\Users\Sangfor\.m2\repository\org\slf4j\slf4j-ext\1.7.2\slf4j-ext-1.7.2.jar;C:\Users\Sangfor\.m2\repository\ch\qos\cal10n\cal10n-api\0.7.7\cal10n-api-0.7.7.jar;C:\Users\Sangfor\.m2\repository\org\jboss\interceptor\jboss-interceptor-core\2.0.0.Final\jboss-interceptor-core-2.0.0.Final.jar;C:\Users\Sangfor\.m2\repository\org\jboss\interceptor\jboss-interceptor-spi\2.0.0.Final\jboss-interceptor-spi-2.0.0.Final.jar;C:\Users\Sangfor\.m2\repository\javax\enterprise\cdi-api\1.0-SP1\cdi-api-1.0-SP1.jar;C:\Users\Sangfor\.m2\repository\org\jboss\interceptor\jboss-interceptor-api\1.1\jboss-interceptor-api-1.1.jar;C:\Users\Sangfor\.m2\repository\javax\inject\javax.inject\1\javax.inject-1.jar;C:\Users\Sangfor\.m2\repository\javax\interceptor\javax.interceptor-api\3.1\javax.interceptor-api-3.1.jar;C:\Users\Sangfor\.m2\repository\org\slf4j\slf4j-api\1.7.21\slf4j-api-1.7.21.jar;C:\Users\Sangfor\.m2\repository\org\slf4j\slf4j-jdk14\1.7.21\slf4j-jdk14-1.7.21.jar;C:\Users\Sangfor\.m2\repository\org\clojure\clojure\1.8.0\clojure-1.8.0.jar;C:\Users\Sangfor\.m2\repository\com\vaadin\vaadin-server\7.7.14\vaadin-server-7.7.14.jar;C:\Users\Sangfor\.m2\repository\com\vaadin\vaadin-sass-compiler\0.9.13\vaadin-sass-compiler-0.9.13.jar;C:\Users\Sangfor\.m2\repository\org\w3c\css\sac\1.3\sac-1.3.jar;C:\Users\Sangfor\.m2\repository\com\vaadin\external\flute\flute\1.3.0.gg2\flute-1.3.0.gg2.jar;C:\Users\Sangfor\.m2\repository\com\vaadin\vaadin-shared\7.7.14\vaadin-shared-7.7.14.jar;C:\Users\Sangfor\.m2\repository\org\jsoup\jsoup\1.8.3\jsoup-1.8.3.jar;C:\Users\Sangfor\.m2\repository\org\aspectj\aspectjweaver\1.9.5\aspectjweaver-1.9.5.jar;C:\Users\Sangfor\.m2\repository\org\apache\click\click-nodeps\2.3.0\click-nodeps-2.3.0.jar;C:\Users\Sangfor\.m2\repository\ognl\ognl\2.6.9\ognl-2.6.9.jar;C:\Users\Sangfor\.m2\repository\org\apache\velocity\velocity\1.7\velocity-1.7.jar;C:\Users\Sangfor\.m2\repository\org\mortbay\jasper\apache-el\8.0.27\apache-el-8.0.27.jar;"/>
    <property name="java.vm.vendor" value="Oracle Corporation"/>
    <property name="sun.arch.data.model" value="64"/>
    <property name="user.variant" value=""/>
    <property name="java.vendor.url" value="http://java.oracle.com/"/>
    <property name="user.timezone" value="Asia/Shanghai"/>
    <property name="java.vm.specification.version" value="1.8"/>
    <property name="os.name" value="Windows 10"/>
    <property name="user.country" value="CN"/>
    <property name="sun.java.launcher" value="SUN_STANDARD"/>
    <property name="sun.boot.library.path" value="D:\Java_jdk\jre\bin"/>
    <property name="sun.java.command" value="C:\Users\Sangfor\AppData\Local\Temp\surefire5756225177399919783\surefirebooter1876631178687982916.jar C:\Users\Sangfor\AppData\Local\Temp\surefire5756225177399919783 2021-06-16T23-00-17_256-jvmRun1 surefire6433734236717379813tmp surefire_02100111575517494927tmp"/>
    <property name="java.rmi.server.useCodebaseOnly" value="false"/>
    <property name="surefire.test.class.path" value="C:\Users\Sangfor\Desktop\ysoserial-master\ysoserial-master\target\test-classes;C:\Users\Sangfor\Desktop\ysoserial-master\ysoserial-master\target\classes;C:\Users\Sangfor\.m2\repository\junit\junit\4.12\junit-4.12.jar;C:\Users\Sangfor\.m2\repository\org\hamcrest\hamcrest-core\1.3\hamcrest-core-1.3.jar;C:\Users\Sangfor\.m2\repository\org\mockito\mockito-core\1.10.19\mockito-core-1.10.19.jar;C:\Users\Sangfor\.m2\repository\org\objenesis\objenesis\2.1\objenesis-2.1.jar;C:\Users\Sangfor\.m2\repository\com\github\stefanbirkner\system-rules\1.8.0\system-rules-1.8.0.jar;C:\Users\Sangfor\.m2\repository\org\nanohttpd\nanohttpd\2.2.0\nanohttpd-2.2.0.jar;C:\Users\Sangfor\.m2\repository\org\apache\tomcat\tomcat-catalina\8.5.51\tomcat-catalina-8.5.51.jar;C:\Users\Sangfor\.m2\repository\org\apache\tomcat\tomcat-servlet-api\8.5.51\tomcat-servlet-api-8.5.51.jar;C:\Users\Sangfor\.m2\repository\org\apache\tomcat\tomcat-jsp-api\8.5.51\tomcat-jsp-api-8.5.51.jar;C:\Users\Sangfor\.m2\repository\org\apache\tomcat\tomcat-el-api\8.5.51\tomcat-el-api-8.5.51.jar;C:\Users\Sangfor\.m2\repository\org\apache\tomcat\tomcat-juli\8.5.51\tomcat-juli-8.5.51.jar;C:\Users\Sangfor\.m2\repository\org\apache\tomcat\tomcat-annotations-api\8.5.51\tomcat-annotations-api-8.5.51.jar;C:\Users\Sangfor\.m2\repository\org\apache\tomcat\tomcat-api\8.5.51\tomcat-api-8.5.51.jar;C:\Users\Sangfor\.m2\repository\org\apache\tomcat\tomcat-jni\8.5.51\tomcat-jni-8.5.51.jar;C:\Users\Sangfor\.m2\repository\org\apache\tomcat\tomcat-coyote\8.5.51\tomcat-coyote-8.5.51.jar;C:\Users\Sangfor\.m2\repository\org\apache\tomcat\tomcat-util\8.5.51\tomcat-util-8.5.51.jar;C:\Users\Sangfor\.m2\repository\org\apache\tomcat\tomcat-util-scan\8.5.51\tomcat-util-scan-8.5.51.jar;C:\Users\Sangfor\.m2\repository\org\apache\tomcat\tomcat-jaspic-api\8.5.51\tomcat-jaspic-api-8.5.51.jar;C:\Users\Sangfor\.m2\repository\org\reflections\reflections\0.9.9\reflections-0.9.9.jar;C:\Users\Sangfor\.m2\repository\com\google\guava\guava\15.0\guava-15.0.jar;C:\Users\Sangfor\.m2\repository\com\google\code\findbugs\annotations\2.0.1\annotations-2.0.1.jar;C:\Users\Sangfor\.m2\repository\org\jboss\shrinkwrap\resolver\shrinkwrap-resolver-api\2.2.6\shrinkwrap-resolver-api-2.2.6.jar;C:\Users\Sangfor\.m2\repository\org\jboss\shrinkwrap\resolver\shrinkwrap-resolver-spi\2.2.6\shrinkwrap-resolver-spi-2.2.6.jar;C:\Users\Sangfor\.m2\repository\org\jboss\shrinkwrap\resolver\shrinkwrap-resolver-api-maven\2.2.6\shrinkwrap-resolver-api-maven-2.2.6.jar;C:\Users\Sangfor\.m2\repository\org\jboss\shrinkwrap\resolver\shrinkwrap-resolver-spi-maven\2.2.6\shrinkwrap-resolver-spi-maven-2.2.6.jar;C:\Users\Sangfor\.m2\repository\org\jboss\shrinkwrap\resolver\shrinkwrap-resolver-api-maven-archive\2.2.6\shrinkwrap-resolver-api-maven-archive-2.2.6.jar;C:\Users\Sangfor\.m2\repository\org\jboss\shrinkwrap\shrinkwrap-api\1.2.6\shrinkwrap-api-1.2.6.jar;C:\Users\Sangfor\.m2\repository\org\jboss\shrinkwrap\resolver\shrinkwrap-resolver-impl-maven\2.2.6\shrinkwrap-resolver-impl-maven-2.2.6.jar;C:\Users\Sangfor\.m2\repository\org\eclipse\aether\aether-api\1.0.0.v20140518\aether-api-1.0.0.v20140518.jar;C:\Users\Sangfor\.m2\repository\org\eclipse\aether\aether-impl\1.0.0.v20140518\aether-impl-1.0.0.v20140518.jar;C:\Users\Sangfor\.m2\repository\org\eclipse\aether\aether-spi\1.0.0.v20140518\aether-spi-1.0.0.v20140518.jar;C:\Users\Sangfor\.m2\repository\org\eclipse\aether\aether-util\1.0.0.v20140518\aether-util-1.0.0.v20140518.jar;C:\Users\Sangfor\.m2\repository\org\eclipse\aether\aether-connector-basic\1.0.0.v20140518\aether-connector-basic-1.0.0.v20140518.jar;C:\Users\Sangfor\.m2\repository\org\eclipse\aether\aether-transport-wagon\1.0.0.v20140518\aether-transport-wagon-1.0.0.v20140518.jar;C:\Users\Sangfor\.m2\repository\org\apache\maven\maven-aether-provider\3.2.5\maven-aether-provider-3.2.5.jar;C:\Users\Sangfor\.m2\repository\org\apache\maven\maven-model\3.2.5\maven-model-3.2.5.jar;C:\Users\Sangfor\.m2\repository\org\apache\maven\maven-model-builder\3.2.5\maven-model-builder-3.2.5.jar;C:\Users\Sangfor\.m2\repository\org\codehaus\plexus\plexus-component-annotations\1.5.5\plexus-component-annotations-1.5.5.jar;C:\Users\Sangfor\.m2\repository\org\apache\maven\maven-repository-metadata\3.2.5\maven-repository-metadata-3.2.5.jar;C:\Users\Sangfor\.m2\repository\org\apache\maven\maven-settings\3.2.5\maven-settings-3.2.5.jar;C:\Users\Sangfor\.m2\repository\org\apache\maven\maven-settings-builder\3.2.5\maven-settings-builder-3.2.5.jar;C:\Users\Sangfor\.m2\repository\org\codehaus\plexus\plexus-interpolation\1.21\plexus-interpolation-1.21.jar;C:\Users\Sangfor\.m2\repository\org\codehaus\plexus\plexus-utils\3.0.20\plexus-utils-3.0.20.jar;C:\Users\Sangfor\.m2\repository\org\sonatype\plexus\plexus-sec-dispatcher\1.3\plexus-sec-dispatcher-1.3.jar;C:\Users\Sangfor\.m2\repository\org\sonatype\plexus\plexus-cipher\1.4\plexus-cipher-1.4.jar;C:\Users\Sangfor\.m2\repository\org\apache\maven\wagon\wagon-provider-api\2.6\wagon-provider-api-2.6.jar;C:\Users\Sangfor\.m2\repository\org\apache\maven\wagon\wagon-file\2.6\wagon-file-2.6.jar;C:\Users\Sangfor\.m2\repository\org\apache\maven\wagon\wagon-http-lightweight\2.6\wagon-http-lightweight-2.6.jar;C:\Users\Sangfor\.m2\repository\org\apache\maven\wagon\wagon-http-shared\2.6\wagon-http-shared-2.6.jar;C:\Users\Sangfor\.m2\repository\org\jboss\shrinkwrap\resolver\shrinkwrap-resolver-impl-maven-archive\2.2.6\shrinkwrap-resolver-impl-maven-archive-2.2.6.jar;C:\Users\Sangfor\.m2\repository\org\jboss\shrinkwrap\shrinkwrap-impl-base\1.2.6\shrinkwrap-impl-base-1.2.6.jar;C:\Users\Sangfor\.m2\repository\org\jboss\shrinkwrap\shrinkwrap-spi\1.2.6\shrinkwrap-spi-1.2.6.jar;C:\Users\Sangfor\.m2\repository\org\jboss\shrinkwrap\resolver\shrinkwrap-resolver-spi-maven-archive\2.2.6\shrinkwrap-resolver-spi-maven-archive-2.2.6.jar;C:\Users\Sangfor\.m2\repository\org\eclipse\sisu\org.eclipse.sisu.plexus\0.3.0.M1\org.eclipse.sisu.plexus-0.3.0.M1.jar;C:\Users\Sangfor\.m2\repository\org\eclipse\sisu\org.eclipse.sisu.inject\0.3.0.M1\org.eclipse.sisu.inject-0.3.0.M1.jar;C:\Users\Sangfor\.m2\repository\org\codehaus\plexus\plexus-compiler-javac\2.3\plexus-compiler-javac-2.3.jar;C:\Users\Sangfor\.m2\repository\org\codehaus\plexus\plexus-compiler-api\2.3\plexus-compiler-api-2.3.jar;C:\Users\Sangfor\.m2\repository\org\javassist\javassist\3.19.0-GA\javassist-3.19.0-GA.jar;C:\Users\Sangfor\.m2\repository\com\nqzero\permit-reflect\0.3\permit-reflect-0.3.jar;C:\Users\Sangfor\.m2\repository\commons-codec\commons-codec\1.9\commons-codec-1.9.jar;C:\Users\Sangfor\.m2\repository\commons-io\commons-io\2.6\commons-io-2.6.jar;C:\Users\Sangfor\.m2\repository\org\jenkins-ci\main\remoting\2.55\remoting-2.55.jar;C:\Users\Sangfor\.m2\repository\org\jenkins-ci\constant-pool-scanner\1.2\constant-pool-scanner-1.2.jar;C:\Users\Sangfor\.m2\repository\org\jboss\logging\jboss-logging\3.3.0.Final\jboss-logging-3.3.0.Final.jar;C:\Users\Sangfor\.m2\repository\org\jboss\remoting\jboss-remoting\4.0.19.Final\jboss-remoting-4.0.19.Final.jar;C:\Users\Sangfor\.m2\repository\org\jboss\xnio\xnio-api\3.3.4.Final\xnio-api-3.3.4.Final.jar;C:\Users\Sangfor\.m2\repository\org\jboss\jboss-common-core\2.5.0.Final\jboss-common-core-2.5.0.Final.jar;C:\Users\Sangfor\.m2\repository\org\jboss\xnio\xnio-nio\3.3.4.Final\xnio-nio-3.3.4.Final.jar;C:\Users\Sangfor\.m2\repository\org\jboss\sasl\jboss-sasl\1.0.5.Final\jboss-sasl-1.0.5.Final.jar;C:\Users\Sangfor\.m2\repository\org\jboss\remotingjmx\remoting-jmx\2.0.1.Final\remoting-jmx-2.0.1.Final.jar;C:\Users\Sangfor\.m2\repository\org\jboss\logging\jboss-logging-processor\1.2.0.Final\jboss-logging-processor-1.2.0.Final.jar;C:\Users\Sangfor\.m2\repository\org\jboss\jdeparser\jdeparser\1.0.0.Final\jdeparser-1.0.0.Final.jar;C:\Users\Sangfor\.m2\repository\org\jboss\marshalling\jboss-marshalling\1.4.10.Final\jboss-marshalling-1.4.10.Final.jar;C:\Users\Sangfor\.m2\repository\org\jboss\marshalling\jboss-marshalling-river\1.4.10.Final\jboss-marshalling-river-1.4.10.Final.jar;C:\Users\Sangfor\.m2\repository\commons-collections\commons-collections\3.1\commons-collections-3.1.jar;C:\Users\Sangfor\.m2\repository\org\beanshell\bsh\2.0b5\bsh-2.0b5.jar;C:\Users\Sangfor\.m2\repository\commons-beanutils\commons-beanutils\1.9.2\commons-beanutils-1.9.2.jar;C:\Users\Sangfor\.m2\repository\commons-logging\commons-logging\1.1.1\commons-logging-1.1.1.jar;C:\Users\Sangfor\.m2\repository\org\apache\commons\commons-collections4\4.0\commons-collections4-4.0.jar;C:\Users\Sangfor\.m2\repository\org\codehaus\groovy\groovy\2.3.9\groovy-2.3.9.jar;C:\Users\Sangfor\.m2\repository\org\springframework\spring-core\4.1.4.RELEASE\spring-core-4.1.4.RELEASE.jar;C:\Users\Sangfor\.m2\repository\org\springframework\spring-beans\4.1.4.RELEASE\spring-beans-4.1.4.RELEASE.jar;C:\Users\Sangfor\.m2\repository\org\hibernate\hibernate-core\4.3.11.Final\hibernate-core-4.3.11.Final.jar;C:\Users\Sangfor\.m2\repository\org\jboss\logging\jboss-logging-annotations\1.2.0.Beta1\jboss-logging-annotations-1.2.0.Beta1.jar;C:\Users\Sangfor\.m2\repository\org\jboss\spec\javax\transaction\jboss-transaction-api_1.2_spec\1.0.0.Final\jboss-transaction-api_1.2_spec-1.0.0.Final.jar;C:\Users\Sangfor\.m2\repository\dom4j\dom4j\1.6.1\dom4j-1.6.1.jar;C:\Users\Sangfor\.m2\repository\xml-apis\xml-apis\1.0.b2\xml-apis-1.0.b2.jar;C:\Users\Sangfor\.m2\repository\org\hibernate\common\hibernate-commons-annotations\4.0.5.Final\hibernate-commons-annotations-4.0.5.Final.jar;C:\Users\Sangfor\.m2\repository\org\hibernate\javax\persistence\hibernate-jpa-2.1-api\1.0.0.Final\hibernate-jpa-2.1-api-1.0.0.Final.jar;C:\Users\Sangfor\.m2\repository\antlr\antlr\2.7.7\antlr-2.7.7.jar;C:\Users\Sangfor\.m2\repository\org\jboss\jandex\1.1.0.Final\jandex-1.1.0.Final.jar;C:\Users\Sangfor\.m2\repository\org\springframework\spring-aop\4.1.4.RELEASE\spring-aop-4.1.4.RELEASE.jar;C:\Users\Sangfor\.m2\repository\aopalliance\aopalliance\1.0\aopalliance-1.0.jar;C:\Users\Sangfor\.m2\repository\net\sf\json-lib\json-lib\2.4\json-lib-2.4-jdk15.jar;C:\Users\Sangfor\.m2\repository\commons-lang\commons-lang\2.5\commons-lang-2.5.jar;C:\Users\Sangfor\.m2\repository\net\sf\ezmorph\ezmorph\1.0.6\ezmorph-1.0.6.jar;C:\Users\Sangfor\.m2\repository\commons-fileupload\commons-fileupload\1.3\commons-fileupload-1.3.jar;C:\Users\Sangfor\.m2\repository\org\apache\wicket\wicket-util\6.23.0\wicket-util-6.23.0.jar;C:\Users\Sangfor\.m2\repository\com\mchange\c3p0\0.9.5.2\c3p0-0.9.5.2.jar;C:\Users\Sangfor\.m2\repository\com\mchange\mchange-commons-java\0.2.11\mchange-commons-java-0.2.11.jar;C:\Users\Sangfor\.m2\repository\javax\servlet\javax.servlet-api\3.1.0\javax.servlet-api-3.1.0.jar;C:\Users\Sangfor\.m2\repository\org\apache\myfaces\core\myfaces-impl\2.2.9\myfaces-impl-2.2.9.jar;C:\Users\Sangfor\.m2\repository\org\apache\myfaces\core\myfaces-api\2.2.9\myfaces-api-2.2.9.jar;C:\Users\Sangfor\.m2\repository\org\apache\geronimo\specs\geronimo-atinject_1.0_spec\1.0\geronimo-atinject_1.0_spec-1.0.jar;C:\Users\Sangfor\.m2\repository\commons-digester\commons-digester\1.8\commons-digester-1.8.jar;C:\Users\Sangfor\.m2\repository\xalan\xalan\2.7.2\xalan-2.7.2.jar;C:\Users\Sangfor\.m2\repository\xalan\serializer\2.7.2\serializer-2.7.2.jar;C:\Users\Sangfor\.m2\repository\rome\rome\1.0\rome-1.0.jar;C:\Users\Sangfor\.m2\repository\jdom\jdom\1.0\jdom-1.0.jar;C:\Users\Sangfor\.m2\repository\org\python\jython-standalone\2.5.2\jython-standalone-2.5.2.jar;C:\Users\Sangfor\.m2\repository\rhino\js\1.7R2\js-1.7R2.jar;C:\Users\Sangfor\.m2\repository\javassist\javassist\3.12.0.GA\javassist-3.12.0.GA.jar;C:\Users\Sangfor\.m2\repository\org\jboss\weld\weld-core\1.1.33.Final\weld-core-1.1.33.Final.jar;C:\Users\Sangfor\.m2\repository\org\jboss\weld\weld-api\1.1.Final\weld-api-1.1.Final.jar;C:\Users\Sangfor\.m2\repository\org\jboss\weld\weld-spi\1.1.Final\weld-spi-1.1.Final.jar;C:\Users\Sangfor\.m2\repository\javax\annotation\jsr250-api\1.0\jsr250-api-1.0.jar;C:\Users\Sangfor\.m2\repository\org\jboss\spec\javax\interceptor\jboss-interceptors-api_1.1_spec\1.0.0.Beta1\jboss-interceptors-api_1.1_spec-1.0.0.Beta1.jar;C:\Users\Sangfor\.m2\repository\org\slf4j\slf4j-ext\1.7.2\slf4j-ext-1.7.2.jar;C:\Users\Sangfor\.m2\repository\ch\qos\cal10n\cal10n-api\0.7.7\cal10n-api-0.7.7.jar;C:\Users\Sangfor\.m2\repository\org\jboss\interceptor\jboss-interceptor-core\2.0.0.Final\jboss-interceptor-core-2.0.0.Final.jar;C:\Users\Sangfor\.m2\repository\org\jboss\interceptor\jboss-interceptor-spi\2.0.0.Final\jboss-interceptor-spi-2.0.0.Final.jar;C:\Users\Sangfor\.m2\repository\javax\enterprise\cdi-api\1.0-SP1\cdi-api-1.0-SP1.jar;C:\Users\Sangfor\.m2\repository\org\jboss\interceptor\jboss-interceptor-api\1.1\jboss-interceptor-api-1.1.jar;C:\Users\Sangfor\.m2\repository\javax\inject\javax.inject\1\javax.inject-1.jar;C:\Users\Sangfor\.m2\repository\javax\interceptor\javax.interceptor-api\3.1\javax.interceptor-api-3.1.jar;C:\Users\Sangfor\.m2\repository\org\slf4j\slf4j-api\1.7.21\slf4j-api-1.7.21.jar;C:\Users\Sangfor\.m2\repository\org\slf4j\slf4j-jdk14\1.7.21\slf4j-jdk14-1.7.21.jar;C:\Users\Sangfor\.m2\repository\org\clojure\clojure\1.8.0\clojure-1.8.0.jar;C:\Users\Sangfor\.m2\repository\com\vaadin\vaadin-server\7.7.14\vaadin-server-7.7.14.jar;C:\Users\Sangfor\.m2\repository\com\vaadin\vaadin-sass-compiler\0.9.13\vaadin-sass-compiler-0.9.13.jar;C:\Users\Sangfor\.m2\repository\org\w3c\css\sac\1.3\sac-1.3.jar;C:\Users\Sangfor\.m2\repository\com\vaadin\external\flute\flute\1.3.0.gg2\flute-1.3.0.gg2.jar;C:\Users\Sangfor\.m2\repository\com\vaadin\vaadin-shared\7.7.14\vaadin-shared-7.7.14.jar;C:\Users\Sangfor\.m2\repository\org\jsoup\jsoup\1.8.3\jsoup-1.8.3.jar;C:\Users\Sangfor\.m2\repository\org\aspectj\aspectjweaver\1.9.5\aspectjweaver-1.9.5.jar;C:\Users\Sangfor\.m2\repository\org\apache\click\click-nodeps\2.3.0\click-nodeps-2.3.0.jar;C:\Users\Sangfor\.m2\repository\ognl\ognl\2.6.9\ognl-2.6.9.jar;C:\Users\Sangfor\.m2\repository\org\apache\velocity\velocity\1.7\velocity-1.7.jar;C:\Users\Sangfor\.m2\repository\org\mortbay\jasper\apache-el\8.0.27\apache-el-8.0.27.jar;"/>
    <property name="sun.cpu.endian" value="little"/>
    <property name="user.home" value="C:\Users\Sangfor"/>
    <property name="user.language" value="zh"/>
    <property name="java.specification.vendor" value="Oracle Corporation"/>
    <property name="java.home" value="D:\Java_jdk\jre"/>
    <property name="basedir" value="C:\Users\Sangfor\Desktop\ysoserial-master\ysoserial-master"/>
    <property name="file.separator" value="\"/>
    <property name="line.separator" value="&#10;"/>
    <property name="java.vm.specification.vendor" value="Oracle Corporation"/>
    <property name="java.specification.name" value="Java Platform API Specification"/>
    <property name="java.awt.graphicsenv" value="sun.awt.Win32GraphicsEnvironment"/>
    <property name="idea.version2020.1.2" value="true"/>
    <property name="surefire.real.class.path" value="C:\Users\Sangfor\AppData\Local\Temp\surefire5756225177399919783\surefirebooter1876631178687982916.jar"/>
    <property name="sun.boot.class.path" value="D:\Java_jdk\jre\lib\resources.jar;D:\Java_jdk\jre\lib\rt.jar;D:\Java_jdk\jre\lib\sunrsasign.jar;D:\Java_jdk\jre\lib\jsse.jar;D:\Java_jdk\jre\lib\jce.jar;D:\Java_jdk\jre\lib\charsets.jar;D:\Java_jdk\jre\lib\jfr.jar;D:\Java_jdk\jre\classes"/>
    <property name="user.script" value=""/>
    <property name="sun.management.compiler" value="HotSpot 64-Bit Tiered Compilers"/>
    <property name="java.runtime.version" value="1.8.0_181-b13"/>
    <property name="user.name" value="Sangfor"/>
    <property name="path.separator" value=";"/>
    <property name="os.version" value="10.0"/>
    <property name="java.endorsed.dirs" value="D:\Java_jdk\jre\lib\endorsed"/>
    <property name="java.runtime.name" value="Java(TM) SE Runtime Environment"/>
    <property name="file.encoding" value="GBK"/>
    <property name="java.vm.name" value="Java HotSpot(TM) 64-Bit Server VM"/>
    <property name="localRepository" value="C:\Users\Sangfor\.m2\repository"/>
    <property name="java.vendor.url.bug" value="http://bugreport.sun.com/bugreport/"/>
    <property name="java.io.tmpdir" value="C:\Users\Sangfor\AppData\Local\Temp\"/>
    <property name="java.version" value="1.8.0_181"/>
    <property name="user.dir" value="C:\Users\Sangfor\Desktop\ysoserial-master\ysoserial-master"/>
    <property name="os.arch" value="amd64"/>
    <property name="java.vm.specification.name" value="Java Virtual Machine Specification"/>
    <property name="java.awt.printerjob" value="sun.awt.windows.WPrinterJob"/>
    <property name="sun.os.patch.level" value=""/>
    <property name="java.library.path" value="D:\Java_jdk\jre\bin;C:\WINDOWS\Sun\Java\bin;C:\WINDOWS\system32;C:\WINDOWS;C:\Program Files (x86)\Common Files\Oracle\Java\javapath;C:\WINDOWS\system32;C:\WINDOWS;C:\WINDOWS\System32\Wbem;C:\WINDOWS\System32\WindowsPowerShell\v1.0\;C:\WINDOWS\System32\OpenSSH\;D:\Java_jdk\\bin;C:\Users\Sangfor\AppData\Local\Programs\Python\Python39\Scripts\;C:\Users\Sangfor\AppData\Local\Programs\Python\Python39\;C:\Users\Sangfor\AppData\Local\Microsoft\WindowsApps;D:\IDEA\IntelliJ IDEA 2020.1.2\bin;;C:\Program Files\Bandizip\;C:\Users\Sangfor\AppData\Local\GitHubDesktop\bin;."/>
    <property name="java.vm.info" value="mixed mode"/>
    <property name="java.vendor" value="Oracle Corporation"/>
    <property name="java.vm.version" value="25.181-b13"/>
    <property name="java.ext.dirs" value="D:\Java_jdk\jre\lib\ext;C:\WINDOWS\Sun\Java\lib\ext"/>
    <property name="sun.io.unicode.encoding" value="UnicodeLittle"/>
    <property name="java.class.version" value="52.0"/>
  </properties>
  <testcase name="testHarnessClassLoaderFail" classname="ysoserial.test.payloads.TestHarnessTest" time="4.84"/>
  <testcase name="testHarnessExecFail" classname="ysoserial.test.payloads.TestHarnessTest" time="5.018"/>
  <testcase name="testHarnessExecPass" classname="ysoserial.test.payloads.TestHarnessTest" time="0.954"/>
</testsuite>